 --- Logfile of Experiment DenoisePeppers_HSV1 started 09-Feb-2018 14:35:54 ---
problem = 
  <a href="matlab:helpPopup struct" style="font-weight:bold">struct</a> with fields:

              Epsilon: 1.0000e-09
        MaxIterations: 400
               lambda: 1.5708
                    M: [1×1 S1mRn]
                    f: [3×512×512 double]
                alpha: 0.3927
                 beta: 0
    stoppingCriterion: [function_handle]
ans = 
  <a href="matlab:helpPopup S1mRn" style="font-weight:bold">S1mRn</a> with properties:

           type: 'S1R2'
    SComponents: [1 0 0]
    RComponents: [0 1 1]
       ItemSize: 3
      Dimension: 3
        allDims: {':'}
         useMex: 1
ans =
    0.3927         0
100 last change: 0.00024191.
200 last change: 6.3577e-05.
300 last change: 2.8721e-05.
400 last change: 1.6338e-05.
Elapsed time is 151.989606 seconds.
New optimal PSNR:27.0888.
New optimal PSNR for TV1:27.0888.
ans =
    0.5890         0
100 last change: 0.00024122.
200 last change: 6.6929e-05.
300 last change: 3.1057e-05.
400 last change: 1.794e-05.
Elapsed time is 142.972577 seconds.
New optimal PSNR:28.0348.
New optimal PSNR for TV1:28.0348.
ans =
    0.3927    0.1963
100 last change: 0.00026108.
200 last change: 8.1516e-05.
300 last change: 3.9871e-05.
400 last change: 2.3697e-05.
Elapsed time is 292.971971 seconds.
New optimal PSNR:28.3452.
ans =
    0.5890    0.1963
100 last change: 0.00029597.
200 last change: 9.6771e-05.
300 last change: 4.8325e-05.
400 last change: 2.9104e-05.
Elapsed time is 324.257166 seconds.
PSNR:27.9516.
Best PSNR28.3452 obtained for 0.3927     0.19635.
Best PSNR for TV1 28.0348 obtained for 0.58905.
