 --- Logfile of Experiment PhaseBlocks started 24-Feb-2018 11:52:35 ---
1000 | last change: 0.00061164.
2000 | last change: 0.00016266.
3000 | last change: 7.9047e-05.
4000 | last change: 5.1359e-05.
5000 | last change: 3.7298e-05.
6000 | last change: 2.9004e-05.
7000 | last change: 2.3606e-05.
8000 | last change: 1.984e-05.
Elapsed time is 198.627650 seconds.
 --- CPPA TV1&2 ---
1000 | last change: 0.00078435.
2000 | last change: 0.00021575.
3000 | last change: 9.9413e-05.
4000 | last change: 5.9167e-05.
5000 | last change: 4.1862e-05.
6000 | last change: 3.1824e-05.
7000 | last change: 2.5491e-05.
8000 | last change: 2.1186e-05.
Elapsed time is 201.090349 seconds.
 --- CPPA TV ---
1000 | last change: 0.00049086.
2000 | last change: 8.2433e-05.
3000 | last change: 3.5941e-05.
4000 | last change: 2.0094e-05.
5000 | last change: 1.2814e-05.
6000 | last change: 8.8782e-06.
7000 | last change: 6.5117e-06.
8000 | last change: 4.9794e-06.
Elapsed time is 93.020666 seconds.
 --- CPPA TV2 ---
1000 | last change: 0.00022022.
2000 | last change: 9.5857e-05.
3000 | last change: 6.2792e-05.
4000 | last change: 4.5976e-05.
5000 | last change: 3.4981e-05.
6000 | last change: 2.7693e-05.
7000 | last change: 2.307e-05.
8000 | last change: 1.9458e-05.
Elapsed time is 119.611407 seconds.
 --- Logfile of Experiment PhaseBlocks ended 24-Feb-2018 12:02:50 ---
