 --- Logfile of Experiment S1-syntheticSignalN500 started 25-Feb-2018 07:18:39 ---
- TV1&2 Minimization by CPPA, alpha=0.75, beta=0 -
1000 F: 17.303 last change: 2.6149e-06.
2000 F: 17.2362 last change: 6.8596e-07.
3000 F: 17.2138 last change: 3.0693e-07.
4000 F: 17.2025 last change: 1.7381e-07.
Elapsed time is 15.923819 seconds.
- TV1&2 Minimization by CPPA, alpha=0, beta=1.5 -
1000 F: 10.8645 last change: 1.4936e-05.
2000 F: 10.7028 last change: 6.3222e-06.
3000 F: 10.6449 last change: 3.3327e-06.
4000 F: 10.6192 last change: 2.2163e-06.
Elapsed time is 17.388630 seconds.
- TV1&2 Minimization by CPPA, alpha=0.25, beta=0.75 -
1000 F: 13.3251 last change: 7.8954e-06.
2000 F: 13.2765 last change: 2.9911e-06.
3000 F: 13.2557 last change: 1.5291e-06.
4000 F: 13.2436 last change: 9.1144e-07.
Elapsed time is 18.387324 seconds.
- TV1 Minimization by CPPA on R, alpha=0.75, beta=0 -
1000 F: 140.36 last change: 2.7498e-06.
2000 F: 140.2987 last change: 7.2511e-07.
3000 F: 140.278 last change: 3.2478e-07.
4000 F: 140.2677 last change: 1.8384e-07.
Elapsed time is 15.085108 seconds.
 --- Logfile of Experiment S1-syntheticSignalN500 ended 25-Feb-2018 07:19:47 ---
